2024-10-26 16:09:16 - [INFO] Starting error log...
2024-10-26 16:09:24 - [ERROR] Error on epoll_wait
2024-10-26 16:15:42 - [INFO] Starting error log...
2024-10-26 16:16:11 - [ERROR] Error on epoll_wait
2024-10-26 16:43:26 - [INFO] Starting error log...
2024-10-26 16:46:29 - [ERROR] Error on epoll_wait
2024-10-26 16:46:34 - [INFO] Starting error log...
2024-10-26 16:50:03 - [INFO] Starting error log...
2024-10-26 16:50:59 - [ERROR] Error on epoll_wait
2024-10-26 16:51:03 - [INFO] Starting error log...
2024-10-26 16:54:43 - [INFO] Starting error log...
2024-10-26 16:54:53 - [INFO] Starting error log...
2024-10-26 16:55:02 - [ERROR] Error on epoll_wait
2024-10-26 16:55:06 - [INFO] Starting error log...
2024-10-26 16:55:20 - [ERROR] Error on epoll_wait
2024-10-26 16:55:24 - [INFO] Starting error log...
2024-10-26 16:55:54 - [ERROR] Error on epoll_wait
2024-10-26 16:57:06 - [INFO] Starting error log...
2024-10-26 16:57:31 - [ERROR] Error on epoll_wait
2024-10-26 16:57:42 - [INFO] Starting error log...
2024-10-26 17:00:32 - [INFO] Starting error log...
2024-10-26 17:02:28 - [ERROR] Error on epoll_wait
2024-10-26 17:02:32 - [INFO] Starting error log...
2024-10-26 17:03:39 - [ERROR] Error on epoll_wait
2024-10-26 17:03:43 - [INFO] Starting error log...
2024-10-26 17:04:36 - [ERROR] Error on epoll_wait
2024-10-26 17:04:39 - [INFO] Starting error log...
2024-10-26 17:05:49 - [INFO] Starting error log...
2024-10-26 17:10:12 - [INFO] Starting error log...
2024-10-26 17:25:05 - [INFO] Starting error log...
2024-10-26 18:14:07 - [ERROR] Error on epoll_wait
2024-10-27 11:43:48 - [INFO] Starting error log...
2024-10-27 11:43:53 - [ERROR] Error on epoll_wait
2024-10-27 11:46:09 - [INFO] Starting error log...
2024-10-27 11:46:33 - [INFO] Starting error log...
2024-10-27 11:47:42 - [INFO] Starting error log...
2024-10-27 11:47:50 - [INFO] Starting error log...
2024-10-27 12:48:59 - [INFO] Starting error log...
2024-10-27 12:52:16 - [INFO] Starting error log...
2024-10-27 12:53:23 - [INFO] Starting error log...
2024-10-27 12:56:04 - [INFO] Starting error log...
2024-10-27 12:57:07 - [INFO] Starting error log...
2024-10-27 12:57:40 - [INFO] Starting error log...
2024-10-27 12:57:46 - [ERROR] Error sending error response
2024-10-27 12:57:46 - [ERROR] Error sending error response
2024-10-27 13:00:05 - [ERROR] Error on epoll_wait
2024-10-27 13:00:08 - [INFO] Starting error log...
2024-10-27 13:02:21 - [INFO] Starting error log...
2024-10-27 13:09:26 - [ERROR] Error on epoll_wait
2024-10-27 13:12:33 - [INFO] Starting error log...
2024-10-27 13:35:17 - [ERROR] Error on epoll_wait
2024-10-27 13:36:52 - [ERROR] Error on epoll_wait
2024-10-27 13:37:04 - [INFO] Starting error log...
2024-10-27 13:37:57 - [ERROR] Error on epoll_wait
2024-10-27 13:38:00 - [INFO] Starting error log...
2024-10-27 13:41:39 - [ERROR] Error on epoll_wait
2024-10-27 13:42:21 - [INFO] Starting error log...
2024-10-27 13:43:35 - [ERROR] Error on epoll_wait
2024-10-27 13:43:38 - [INFO] Starting error log...
2024-10-27 13:44:52 - [ERROR] Error on epoll_wait
2024-10-27 13:44:55 - [INFO] Starting error log...
2024-10-27 13:47:34 - [ERROR] Error on epoll_wait
2024-10-27 13:48:19 - [INFO] Starting error log...
2024-10-27 13:53:35 - [ERROR] Error on epoll_wait
2024-10-27 13:54:11 - [INFO] Starting error log...
2024-10-27 13:54:15 - [ERROR] Error: File not found
2024-10-27 13:54:16 - [ERROR] Error: File not found
2024-10-27 13:54:21 - [ERROR] Error: File not found
2024-10-27 13:54:51 - [ERROR] Error: File not found
2024-10-27 13:55:03 - [ERROR] Error on epoll_wait
2024-10-27 13:55:05 - [INFO] Starting error log...
2024-10-27 13:55:14 - [ERROR] Error: File not found
2024-10-27 13:56:14 - [ERROR] Error: File not found
2024-10-27 13:57:11 - [ERROR] Error on epoll_wait
2024-10-27 13:57:13 - [INFO] Starting error log...
2024-10-27 13:57:19 - [ERROR] Error: File not found
2024-10-27 13:58:56 - [ERROR] Error on epoll_wait
2024-10-27 13:58:59 - [INFO] Starting error log...
2024-10-27 13:59:01 - [ERROR] Error: File not found
2024-10-27 13:59:01 - [ERROR] Error: File not found
2024-10-27 13:59:41 - [ERROR] Error on epoll_wait
2024-10-27 13:59:43 - [INFO] Starting error log...
2024-10-27 13:59:46 - [ERROR] Error: File not found
2024-10-27 13:59:46 - [ERROR] Error: File not found
2024-10-27 14:00:39 - [ERROR] Error on epoll_wait
2024-10-27 14:00:42 - [INFO] Starting error log...
2024-10-27 15:58:54 - [ERROR] Error on epoll_wait
2024-10-27 17:45:36 - [INFO] Starting error log...
2024-10-27 17:47:11 - [ERROR] Error on epoll_wait
2024-10-27 17:47:13 - [INFO] Starting error log...
2024-10-27 17:47:15 - [ERROR] Error: File not found
2024-10-27 17:47:16 - [ERROR] Error: File not found
2024-10-27 17:47:16 - [ERROR] Error: File not found
2024-10-27 17:47:24 - [ERROR] Error: File not found
2024-10-27 17:47:24 - [ERROR] Error: File not found
2024-10-27 17:47:24 - [ERROR] Error: File not found
2024-10-27 17:47:29 - [ERROR] Error: File not found
2024-10-27 17:47:29 - [ERROR] Error: File not found
2024-10-27 17:47:29 - [ERROR] Error: File not found
2024-10-27 17:47:31 - [ERROR] Error: File not found
2024-10-27 17:47:31 - [ERROR] Error: File not found
2024-10-27 17:47:31 - [ERROR] Error: File not found
2024-10-27 17:47:51 - [ERROR] Error: File not found
2024-10-27 17:47:51 - [ERROR] Error: File not found
2024-10-27 17:47:51 - [ERROR] Error: File not found
2024-10-27 17:53:33 - [ERROR] Error on epoll_wait
2024-10-27 17:53:35 - [INFO] Starting error log...
2024-10-27 17:54:01 - [INFO] Starting error log...
2024-10-27 17:57:58 - [INFO] Starting error log...
2024-10-27 17:58:40 - [ERROR] Error on epoll_wait
2024-10-27 17:58:42 - [INFO] Starting error log...
2024-10-27 18:01:03 - [ERROR] Error on epoll_wait
2024-10-27 18:01:04 - [INFO] Starting error log...
2024-10-27 18:02:28 - [ERROR] Error on epoll_wait
2024-10-27 18:02:29 - [INFO] Starting error log...
2024-10-27 18:02:32 - [ERROR] Error: File not found
2024-10-27 18:02:32 - [ERROR] Error: File not found
2024-10-27 18:02:43 - [ERROR] Error: File not found
2024-10-27 18:02:43 - [ERROR] Error: File not found
2024-10-27 18:29:53 - [ERROR] Error on epoll_wait
2024-10-27 18:29:56 - [INFO] Starting error log...
2024-10-27 18:30:02 - [ERROR] Error: File not found
2024-10-27 18:32:40 - [ERROR] Error on epoll_wait
2024-10-27 18:32:41 - [INFO] Starting error log...
2024-10-27 18:32:49 - [ERROR] Error: File not found
2024-10-27 18:35:49 - [ERROR] Error on epoll_wait
2024-10-27 18:36:31 - [INFO] Starting error log...
2024-10-27 18:36:36 - [ERROR] Error: File not found
2024-10-27 18:37:53 - [ERROR] Error on epoll_wait
2024-10-27 18:37:55 - [INFO] Starting error log...
2024-10-27 18:39:21 - [ERROR] Error on epoll_wait
2024-10-27 18:39:22 - [INFO] Starting error log...
2024-10-27 19:05:09 - [ERROR] Error on epoll_wait
2024-10-28 11:55:27 - [INFO] Starting error log...
2024-10-28 11:59:56 - [ERROR] Error on epoll_wait
2024-10-28 11:59:58 - [INFO] Starting error log...
2024-10-28 12:17:18 - [ERROR] Error on epoll_wait
2024-10-28 12:17:21 - [INFO] Starting error log...
2024-10-28 18:42:12 - [INFO] Starting error log...
2024-10-28 18:45:03 - [ERROR] Error: File not found
2024-10-28 18:48:39 - [ERROR] Error on epoll_wait
2024-10-28 18:48:48 - [INFO] Starting error log...
2024-10-29 11:22:49 - [INFO] Starting error log...
2024-10-29 11:32:53 - [ERROR] Error: 405
2024-10-29 11:33:07 - [ERROR] Error: 405
2024-10-29 11:35:30 - [ERROR] Error on epoll_wait
2024-10-29 11:35:32 - [INFO] Starting error log...
2024-10-29 11:35:53 - [ERROR] Error: 400
2024-10-29 11:37:20 - [ERROR] Error on epoll_wait
2024-10-29 11:37:23 - [INFO] Starting error log...
2024-10-29 11:37:34 - [ERROR] Error: 400
2024-10-29 11:38:05 - [ERROR] Error: 400
2024-10-29 11:38:25 - [ERROR] Error: 400
2024-10-29 11:50:42 - [ERROR] Error on epoll_wait
2024-10-29 11:51:59 - [INFO] Starting error log...
2024-10-29 11:52:26 - [ERROR] Error: 400
2024-10-29 11:52:26 - [ERROR] Error: 400
2024-10-29 12:04:30 - [ERROR] Error on epoll_wait
2024-10-29 12:04:39 - [INFO] Starting error log...
2024-10-29 12:04:51 - [ERROR] Error: 400
2024-10-29 12:04:51 - [ERROR] Error: 400
2024-10-29 12:06:18 - [ERROR] Error on epoll_wait
2024-10-29 12:06:20 - [INFO] Starting error log...
2024-10-29 12:06:49 - [ERROR] Error: 400
2024-10-29 12:07:04 - [ERROR] Error on epoll_wait
2024-10-29 12:07:06 - [INFO] Starting error log...
2024-10-29 12:07:16 - [ERROR] Error: 400
2024-10-29 12:08:49 - [ERROR] Error on epoll_wait
2024-10-29 12:08:51 - [INFO] Starting error log...
2024-10-29 12:09:08 - [ERROR] Error: 400
2024-10-29 12:09:08 - [ERROR] Error: 400
2024-10-29 12:10:10 - [ERROR] Error on epoll_wait
2024-10-29 12:10:12 - [INFO] Starting error log...
2024-10-29 12:10:16 - [ERROR] Error: 400
2024-10-29 12:10:16 - [ERROR] Error: 400
2024-10-29 12:10:34 - [ERROR] Error: 400
2024-10-29 12:10:34 - [ERROR] Error: 400
2024-10-29 12:11:50 - [ERROR] Error on epoll_wait
2024-10-29 12:11:52 - [INFO] Starting error log...
2024-10-29 12:11:56 - [ERROR] Error: 400
2024-10-29 12:11:56 - [ERROR] Error: 400
2024-10-29 12:14:10 - [ERROR] Error: 400
2024-10-29 12:14:10 - [ERROR] Error: 400
2024-10-29 12:18:35 - [ERROR] Error on epoll_wait
2024-10-29 12:18:37 - [INFO] Starting error log...
2024-10-29 12:19:15 - [ERROR] Error on epoll_wait
2024-10-29 12:19:17 - [INFO] Starting error log...
2024-10-29 12:20:10 - [ERROR] Error: 400
2024-10-29 12:20:10 - [ERROR] Error: 400
2024-10-29 12:23:37 - [ERROR] Error on epoll_wait
2024-10-29 12:23:44 - [INFO] Starting error log...
2024-10-29 12:24:12 - [ERROR] Error: 400
2024-10-29 12:24:12 - [ERROR] Error: 400
2024-10-29 12:31:54 - [ERROR] Error on epoll_wait
2024-10-29 12:31:56 - [INFO] Starting error log...
2024-10-29 12:32:57 - [ERROR] Error on epoll_wait
2024-10-29 12:32:59 - [INFO] Starting error log...
2024-10-29 12:33:22 - [ERROR] Error: 400
2024-10-29 12:37:07 - [ERROR] Error on epoll_wait
2024-10-29 12:37:09 - [INFO] Starting error log...
2024-10-29 12:37:37 - [ERROR] Error: 400
2024-10-29 12:37:37 - [ERROR] Error: 400
2024-10-29 12:40:06 - [ERROR] Error on epoll_wait
2024-10-29 12:40:09 - [INFO] Starting error log...
2024-10-29 12:40:39 - [ERROR] Error on epoll_wait
2024-10-29 12:40:41 - [INFO] Starting error log...
2024-10-29 12:41:19 - [ERROR] Error: 400
2024-10-29 12:41:19 - [ERROR] Error: 400
2024-10-29 12:45:34 - [ERROR] Error on epoll_wait
2024-10-29 12:45:36 - [INFO] Starting error log...
2024-10-29 12:45:56 - [ERROR] Error: 400
2024-10-29 12:45:56 - [ERROR] Error: 400
2024-10-29 12:49:43 - [ERROR] Error on epoll_wait
2024-10-29 12:49:45 - [INFO] Starting error log...
2024-10-29 12:57:44 - [ERROR] Error on epoll_wait
2024-10-29 12:57:51 - [INFO] Starting error log...
2024-10-29 12:58:09 - [ERROR] Error: 400
2024-10-29 12:58:09 - [ERROR] Error: 400
2024-10-29 13:03:29 - [ERROR] Error on epoll_wait
2024-10-29 13:03:36 - [INFO] Starting error log...
2024-10-29 13:03:51 - [ERROR] Error: 400
2024-10-29 13:03:51 - [ERROR] Error: 400
2024-10-29 13:04:24 - [ERROR] Error on epoll_wait
2024-10-29 13:04:27 - [INFO] Starting error log...
2024-10-29 13:04:43 - [ERROR] Error: 400
2024-10-29 13:04:43 - [ERROR] Error: 400
2024-10-29 13:06:05 - [ERROR] Error on epoll_wait
2024-10-29 13:06:08 - [INFO] Starting error log...
2024-10-29 13:07:29 - [ERROR] Error: 400
2024-10-29 13:09:42 - [ERROR] Error on epoll_wait
2024-10-29 13:09:45 - [INFO] Starting error log...
2024-10-29 13:13:51 - [ERROR] Error on epoll_wait
2024-10-29 13:13:58 - [INFO] Starting error log...
2024-10-29 13:16:15 - [ERROR] Error on epoll_wait
2024-10-29 13:16:17 - [INFO] Starting error log...
2024-10-29 13:16:26 - [ERROR] Error: 999
2024-10-29 13:18:37 - [ERROR] Error on epoll_wait
2024-10-29 13:18:39 - [INFO] Starting error log...
2024-10-29 13:19:00 - [ERROR] Error: 999
2024-10-29 13:42:44 - [ERROR] Error on epoll_wait
2024-10-29 13:42:52 - [INFO] Starting error log...
2024-10-29 13:43:09 - [ERROR] Error: 405
2024-10-29 13:46:50 - [ERROR] Error: File not found
2024-10-29 13:48:07 - [ERROR] Error on epoll_wait
2024-10-29 13:48:08 - [INFO] Starting error log...
2024-10-29 13:48:18 - [ERROR] Error: File not found
